<?xml version="1.0" encoding="UTF-8"?>
<testng-results skipped="0" failed="0" ignored="0" total="1" passed="1">
  <reporter-output>
  </reporter-output>
  <suite name="Default suite" duration-ms="2452" started-at="2018-11-22T18:13:44Z" finished-at="2018-11-22T18:13:47Z">
    <groups>
    </groups>
    <test name="Default test" duration-ms="2452" started-at="2018-11-22T18:13:44Z" finished-at="2018-11-22T18:13:47Z">
      <class name="readdata.dataexl">
        <test-method status="PASS" signature="exlread()[pri:0, instance:readdata.dataexl@2db7a79b]" name="exlread" duration-ms="2360" started-at="2018-11-22T18:13:44Z" finished-at="2018-11-22T18:13:46Z">
          <reporter-output>
          </reporter-output>
        </test-method> <!-- exlread -->
      </class> <!-- readdata.dataexl -->
    </test> <!-- Default test -->
  </suite> <!-- Default suite -->
</testng-results>
